<?xml version="1.0" encoding="UTF-8"?>
<!-- Generated by org.testng.reporters.JUnitXMLReporter -->
<testsuite hostname="HDC3-L-6K6R0X2" ignored="0" name="BankingApp Test(failed)" tests="3" failures="3" timestamp="18 May 2021 17:20:21 GMT" time="17.073" errors="0">
  <testcase name="loginDDT" time="2.943" classname="com.iNetBanking.TestCases.TC_LoginDDT_0002">
    <failure type="java.lang.AssertionError" message="expected [true] but found [false]">
      <![CDATA[java.lang.AssertionError: expected [true] but found [false]
	at com.iNetBanking.TestCases.TC_LoginDDT_0002.loginDDT(TC_LoginDDT_0002.java:32)
... Removed 29 stack frames]]>
    </failure>
  </testcase> <!-- loginDDT -->
  <testcase name="loginDDT" time="3.324" classname="com.iNetBanking.TestCases.TC_LoginDDT_0002">
    <failure type="java.lang.AssertionError" message="expected [true] but found [false]">
      <![CDATA[java.lang.AssertionError: expected [true] but found [false]
	at com.iNetBanking.TestCases.TC_LoginDDT_0002.loginDDT(TC_LoginDDT_0002.java:32)
... Removed 29 stack frames]]>
    </failure>
  </testcase> <!-- loginDDT -->
  <testcase name="loginDDT" time="2.192" classname="com.iNetBanking.TestCases.TC_LoginDDT_0002">
    <failure type="java.lang.AssertionError" message="expected [true] but found [false]">
      <![CDATA[java.lang.AssertionError: expected [true] but found [false]
	at com.iNetBanking.TestCases.TC_LoginDDT_0002.loginDDT(TC_LoginDDT_0002.java:32)
... Removed 29 stack frames]]>
    </failure>
  </testcase> <!-- loginDDT -->
</testsuite> <!-- BankingApp Test(failed) -->
